<?xml version="1.0" encoding="UTF-8"?>
<robot generator="Robot 5.0.1 (Python 3.9.13 on darwin)" generated="20230325 00:26:46.763" rpa="false" schemaversion="3">
<suite id="s1" name="Regression Booker Apps" source="/Users/riko/RobotProject/RESTfulBooker-Riko/TestSuite/regression_booker_apps.robot">
<test id="s1-t1" name="RESTfulBooker - Update Booking" line="35">
<kw name="Update Booking" library="update_booking">
<kw name="Create Dictionary" library="BuiltIn">
<var>${bookingdates}</var>
<arg>checkin=${CHECKIN}</arg>
<arg>checkout=${CHECKOUT}</arg>
<doc>Creates and returns a dictionary based on the given ``items``.</doc>
<msg timestamp="20230325 00:26:47.110" level="INFO">${bookingdates} = {'checkin': '2022-11-2', 'checkout': '2022-11-5'}</msg>
<status status="PASS" starttime="20230325 00:26:47.109" endtime="20230325 00:26:47.123"/>
</kw>
<kw name="Create Dictionary" library="BuiltIn">
<var>${updatebooking}</var>
<arg>firstname=${FIRSTNAME}</arg>
<arg>lastname=${LASTNAME}</arg>
<arg>totalprice=0</arg>
<arg>depositpaid=${DEPOSITPAID}</arg>
<arg>additionalneeds=${ADDITIONALNEEDS}</arg>
<arg>bookingdates=${bookingdates}</arg>
<doc>Creates and returns a dictionary based on the given ``items``.</doc>
<msg timestamp="20230325 00:26:47.148" level="INFO">${updatebooking} = {'firstname': 'Riko', 'lastname': 'Primanto', 'totalprice': '0', 'depositpaid': 'true', 'additionalneeds': 'Breakfast', 'bookingdates': {'checkin': '2022-11-2', 'checkout': '2022-11-5'}}</msg>
<status status="PASS" starttime="20230325 00:26:47.147" endtime="20230325 00:26:47.150"/>
</kw>
<kw name="Set Variable" library="BuiltIn">
<var>${TOKEN}</var>
<doc>Returns the given values which can then be assigned to a variables.</doc>
<msg timestamp="20230325 00:26:47.152" level="INFO">${TOKEN} = </msg>
<status status="PASS" starttime="20230325 00:26:47.151" endtime="20230325 00:26:47.152"/>
</kw>
<kw name="Create Dictionary" library="BuiltIn">
<var>${HEADERS}</var>
<arg>Content-Type=${CONTENT_TYPE}</arg>
<arg>Cookie=token=${TOKEN}</arg>
<doc>Creates and returns a dictionary based on the given ``items``.</doc>
<msg timestamp="20230325 00:26:47.154" level="INFO">${HEADERS} = {'Content-Type': 'application/json', 'Cookie': 'token='}</msg>
<status status="PASS" starttime="20230325 00:26:47.152" endtime="20230325 00:26:47.156"/>
</kw>
<kw name="Create Session">
<arg>Update Booking</arg>
<arg>${BASE_URL}</arg>
<arg>verify=True</arg>
<msg timestamp="20230325 00:26:47.173" level="FAIL">No keyword with name 'Create Session' found.</msg>
<status status="FAIL" starttime="20230325 00:26:47.167" endtime="20230325 00:26:47.194"/>
</kw>
<kw name="Set Variable" library="BuiltIn">
<var>${NEWID}</var>
<doc>Returns the given values which can then be assigned to a variables.</doc>
<status status="NOT RUN" starttime="20230325 00:26:47.194" endtime="20230325 00:26:47.195"/>
</kw>
<kw name="Put Request">
<var>${response}</var>
<arg>Update Booking</arg>
<arg>uri=${BOOKING}/${NEWID}</arg>
<arg>data=${updatebooking}</arg>
<arg>headers=${HEADERS}</arg>
<status status="NOT RUN" starttime="20230325 00:26:47.198" endtime="20230325 00:26:47.202"/>
</kw>
<kw name="Should Be Equal As Strings" library="BuiltIn">
<arg>${response.status_code}</arg>
<arg>404</arg>
<doc>Fails if objects are unequal after converting them to strings.</doc>
<status status="NOT RUN" starttime="20230325 00:26:47.203" endtime="20230325 00:26:47.203"/>
</kw>
<status status="FAIL" starttime="20230325 00:26:47.105" endtime="20230325 00:26:47.204"/>
</kw>
<timeout value="1 minute"/>
<status status="FAIL" starttime="20230325 00:26:47.095" endtime="20230325 00:26:47.207">No keyword with name 'Create Session' found.</status>
</test>
<doc>API Test using RESTfulBooker application</doc>
<status status="FAIL" starttime="20230325 00:26:46.792" endtime="20230325 00:26:47.211"/>
</suite>
<statistics>
<total>
<stat pass="0" fail="1" skip="0">All Tests</stat>
</total>
<tag>
</tag>
<suite>
<stat pass="0" fail="1" skip="0" id="s1" name="Regression Booker Apps">Regression Booker Apps</stat>
</suite>
</statistics>
<errors>
<msg timestamp="20230325 00:26:46.891" level="ERROR">Error in file '/Users/riko/RobotProject/RESTfulBooker-Riko/TestSuite/regression_booker_apps.robot' on line 4: Importing library 'RequestsLibrary' failed: ModuleNotFoundError: No module named 'RequestsLibrary'
Traceback (most recent call last):
  None
PYTHONPATH:
  /Users/riko/.vscode/extensions/robocorp.robotframework-lsp-1.9.0/src/robotframework_debug_adapter
  /Users/riko/RobotProject/RESTfulBooker-Riko
  /Users/riko/.vscode/extensions/robocorp.robotframework-lsp-1.9.0/src
  /Users/riko/.vscode/extensions/robocorp.robotframework-lsp-1.9.0/src/robotframework_ls/vendored
  /Users/Shared/robocorp/ht/a83dabf_b1f3c24_468c49fc/lib/python39.zip
  /Users/Shared/robocorp/ht/a83dabf_b1f3c24_468c49fc/lib/python3.9
  /Users/Shared/robocorp/ht/a83dabf_b1f3c24_468c49fc/lib/python3.9/lib-dynload
  /Users/Shared/robocorp/ht/a83dabf_b1f3c24_468c49fc/lib/python3.9/site-packages</msg>
<msg timestamp="20230325 00:26:46.920" level="ERROR">Error in file '/Users/riko/RobotProject/RESTfulBooker-Riko/TestSuite/regression_booker_apps.robot' on line 6: Importing library 'JsonValidator' failed: ModuleNotFoundError: No module named 'JsonValidator'
Traceback (most recent call last):
  None
PYTHONPATH:
  /Users/riko/.vscode/extensions/robocorp.robotframework-lsp-1.9.0/src/robotframework_debug_adapter
  /Users/riko/RobotProject/RESTfulBooker-Riko
  /Users/riko/.vscode/extensions/robocorp.robotframework-lsp-1.9.0/src
  /Users/riko/.vscode/extensions/robocorp.robotframework-lsp-1.9.0/src/robotframework_ls/vendored
  /Users/Shared/robocorp/ht/a83dabf_b1f3c24_468c49fc/lib/python39.zip
  /Users/Shared/robocorp/ht/a83dabf_b1f3c24_468c49fc/lib/python3.9
  /Users/Shared/robocorp/ht/a83dabf_b1f3c24_468c49fc/lib/python3.9/lib-dynload
  /Users/Shared/robocorp/ht/a83dabf_b1f3c24_468c49fc/lib/python3.9/site-packages</msg>
<msg timestamp="20230325 00:26:46.958" level="ERROR">Error in file '/Users/riko/RobotProject/RESTfulBooker-Riko/TestCases/auth_token.robot' on line 2: Importing library 'RequestsLibrary' failed: ModuleNotFoundError: No module named 'RequestsLibrary'
Traceback (most recent call last):
  None
PYTHONPATH:
  /Users/riko/.vscode/extensions/robocorp.robotframework-lsp-1.9.0/src/robotframework_debug_adapter
  /Users/riko/RobotProject/RESTfulBooker-Riko
  /Users/riko/.vscode/extensions/robocorp.robotframework-lsp-1.9.0/src
  /Users/riko/.vscode/extensions/robocorp.robotframework-lsp-1.9.0/src/robotframework_ls/vendored
  /Users/Shared/robocorp/ht/a83dabf_b1f3c24_468c49fc/lib/python39.zip
  /Users/Shared/robocorp/ht/a83dabf_b1f3c24_468c49fc/lib/python3.9
  /Users/Shared/robocorp/ht/a83dabf_b1f3c24_468c49fc/lib/python3.9/lib-dynload
  /Users/Shared/robocorp/ht/a83dabf_b1f3c24_468c49fc/lib/python3.9/site-packages</msg>
<msg timestamp="20230325 00:26:46.993" level="ERROR">Error in file '/Users/riko/RobotProject/RESTfulBooker-Riko/TestCases/auth_token.robot' on line 4: Importing library 'JsonValidator' failed: ModuleNotFoundError: No module named 'JsonValidator'
Traceback (most recent call last):
  None
PYTHONPATH:
  /Users/riko/.vscode/extensions/robocorp.robotframework-lsp-1.9.0/src/robotframework_debug_adapter
  /Users/riko/RobotProject/RESTfulBooker-Riko
  /Users/riko/.vscode/extensions/robocorp.robotframework-lsp-1.9.0/src
  /Users/riko/.vscode/extensions/robocorp.robotframework-lsp-1.9.0/src/robotframework_ls/vendored
  /Users/Shared/robocorp/ht/a83dabf_b1f3c24_468c49fc/lib/python39.zip
  /Users/Shared/robocorp/ht/a83dabf_b1f3c24_468c49fc/lib/python3.9
  /Users/Shared/robocorp/ht/a83dabf_b1f3c24_468c49fc/lib/python3.9/lib-dynload
  /Users/Shared/robocorp/ht/a83dabf_b1f3c24_468c49fc/lib/python3.9/site-packages</msg>
<msg timestamp="20230325 00:26:47.007" level="ERROR">Error in file '/Users/riko/RobotProject/RESTfulBooker-Riko/TestCases/get_all_bookingids.robot' on line 2: Importing library 'RequestsLibrary' failed: ModuleNotFoundError: No module named 'RequestsLibrary'
Traceback (most recent call last):
  None
PYTHONPATH:
  /Users/riko/.vscode/extensions/robocorp.robotframework-lsp-1.9.0/src/robotframework_debug_adapter
  /Users/riko/RobotProject/RESTfulBooker-Riko
  /Users/riko/.vscode/extensions/robocorp.robotframework-lsp-1.9.0/src
  /Users/riko/.vscode/extensions/robocorp.robotframework-lsp-1.9.0/src/robotframework_ls/vendored
  /Users/Shared/robocorp/ht/a83dabf_b1f3c24_468c49fc/lib/python39.zip
  /Users/Shared/robocorp/ht/a83dabf_b1f3c24_468c49fc/lib/python3.9
  /Users/Shared/robocorp/ht/a83dabf_b1f3c24_468c49fc/lib/python3.9/lib-dynload
  /Users/Shared/robocorp/ht/a83dabf_b1f3c24_468c49fc/lib/python3.9/site-packages</msg>
<msg timestamp="20230325 00:26:47.018" level="ERROR">Error in file '/Users/riko/RobotProject/RESTfulBooker-Riko/TestCases/get_all_bookingids.robot' on line 4: Importing library 'JsonValidator' failed: ModuleNotFoundError: No module named 'JsonValidator'
Traceback (most recent call last):
  None
PYTHONPATH:
  /Users/riko/.vscode/extensions/robocorp.robotframework-lsp-1.9.0/src/robotframework_debug_adapter
  /Users/riko/RobotProject/RESTfulBooker-Riko
  /Users/riko/.vscode/extensions/robocorp.robotframework-lsp-1.9.0/src
  /Users/riko/.vscode/extensions/robocorp.robotframework-lsp-1.9.0/src/robotframework_ls/vendored
  /Users/Shared/robocorp/ht/a83dabf_b1f3c24_468c49fc/lib/python39.zip
  /Users/Shared/robocorp/ht/a83dabf_b1f3c24_468c49fc/lib/python3.9
  /Users/Shared/robocorp/ht/a83dabf_b1f3c24_468c49fc/lib/python3.9/lib-dynload
  /Users/Shared/robocorp/ht/a83dabf_b1f3c24_468c49fc/lib/python3.9/site-packages</msg>
<msg timestamp="20230325 00:26:47.055" level="ERROR">Error in file '/Users/riko/RobotProject/RESTfulBooker-Riko/TestCases/create_booking.robot' on line 2: Importing library 'RequestsLibrary' failed: ModuleNotFoundError: No module named 'RequestsLibrary'
Traceback (most recent call last):
  None
PYTHONPATH:
  /Users/riko/.vscode/extensions/robocorp.robotframework-lsp-1.9.0/src/robotframework_debug_adapter
  /Users/riko/RobotProject/RESTfulBooker-Riko
  /Users/riko/.vscode/extensions/robocorp.robotframework-lsp-1.9.0/src
  /Users/riko/.vscode/extensions/robocorp.robotframework-lsp-1.9.0/src/robotframework_ls/vendored
  /Users/Shared/robocorp/ht/a83dabf_b1f3c24_468c49fc/lib/python39.zip
  /Users/Shared/robocorp/ht/a83dabf_b1f3c24_468c49fc/lib/python3.9
  /Users/Shared/robocorp/ht/a83dabf_b1f3c24_468c49fc/lib/python3.9/lib-dynload
  /Users/Shared/robocorp/ht/a83dabf_b1f3c24_468c49fc/lib/python3.9/site-packages</msg>
<msg timestamp="20230325 00:26:47.070" level="ERROR">Error in file '/Users/riko/RobotProject/RESTfulBooker-Riko/TestCases/create_booking.robot' on line 4: Importing library 'JsonValidator' failed: ModuleNotFoundError: No module named 'JsonValidator'
Traceback (most recent call last):
  None
PYTHONPATH:
  /Users/riko/.vscode/extensions/robocorp.robotframework-lsp-1.9.0/src/robotframework_debug_adapter
  /Users/riko/RobotProject/RESTfulBooker-Riko
  /Users/riko/.vscode/extensions/robocorp.robotframework-lsp-1.9.0/src
  /Users/riko/.vscode/extensions/robocorp.robotframework-lsp-1.9.0/src/robotframework_ls/vendored
  /Users/Shared/robocorp/ht/a83dabf_b1f3c24_468c49fc/lib/python39.zip
  /Users/Shared/robocorp/ht/a83dabf_b1f3c24_468c49fc/lib/python3.9
  /Users/Shared/robocorp/ht/a83dabf_b1f3c24_468c49fc/lib/python3.9/lib-dynload
  /Users/Shared/robocorp/ht/a83dabf_b1f3c24_468c49fc/lib/python3.9/site-packages</msg>
<msg timestamp="20230325 00:26:47.086" level="ERROR">Error in file '/Users/riko/RobotProject/RESTfulBooker-Riko/TestCases/update_booking.robot' on line 2: Importing library 'RequestsLibrary' failed: ModuleNotFoundError: No module named 'RequestsLibrary'
Traceback (most recent call last):
  None
PYTHONPATH:
  /Users/riko/.vscode/extensions/robocorp.robotframework-lsp-1.9.0/src/robotframework_debug_adapter
  /Users/riko/RobotProject/RESTfulBooker-Riko
  /Users/riko/.vscode/extensions/robocorp.robotframework-lsp-1.9.0/src
  /Users/riko/.vscode/extensions/robocorp.robotframework-lsp-1.9.0/src/robotframework_ls/vendored
  /Users/Shared/robocorp/ht/a83dabf_b1f3c24_468c49fc/lib/python39.zip
  /Users/Shared/robocorp/ht/a83dabf_b1f3c24_468c49fc/lib/python3.9
  /Users/Shared/robocorp/ht/a83dabf_b1f3c24_468c49fc/lib/python3.9/lib-dynload
  /Users/Shared/robocorp/ht/a83dabf_b1f3c24_468c49fc/lib/python3.9/site-packages</msg>
</errors>
</robot>
